2023-04-10 08:00:52 INFO  Log:22 - navigated to myAccount
2023-04-10 08:00:54 INFO  Log:22 - navigated to myAccount
2023-04-10 08:00:54 INFO  Log:11 - =====================================register_Page TEST START=========================================
2023-04-10 08:00:54 INFO  Log:22 - First Name Passed
2023-04-10 08:00:54 INFO  Log:22 - Last Name Passed
2023-04-10 08:00:54 INFO  Log:22 - Email Passed
2023-04-10 08:00:54 INFO  Log:22 - Password Passed
2023-04-10 08:00:55 INFO  Log:22 - confirmpassword Passed
2023-04-10 08:00:55 INFO  Log:22 - subscribed Passed
2023-04-10 08:00:59 INFO  Log:22 - continueButton Passed
2023-04-10 08:04:51 INFO  Log:22 - navigated to myAccount
2023-04-10 08:04:52 INFO  Log:22 - navigated to myAccount
2023-04-10 08:04:52 INFO  Log:11 - =====================================register_Page TEST START=========================================
2023-04-10 08:04:53 INFO  Log:22 - First Name Passed
2023-04-10 08:04:53 INFO  Log:22 - Last Name Passed
2023-04-10 08:04:53 INFO  Log:22 - Email Passed
2023-04-10 08:04:53 INFO  Log:22 - Password Passed
2023-04-10 08:04:53 INFO  Log:22 - confirmpassword Passed
2023-04-10 08:04:53 INFO  Log:22 - subscribed Passed
2023-04-10 08:04:57 INFO  Log:22 - continueButton Passed
2023-04-10 08:09:47 INFO  Log:22 - navigated to myAccount
2023-04-10 08:09:48 INFO  Log:22 - navigated to myAccount
2023-04-10 08:09:48 INFO  Log:11 - =====================================register_Page TEST START=========================================
2023-04-10 08:09:48 INFO  Log:22 - First Name Passed
2023-04-10 08:09:48 INFO  Log:22 - Last Name Passed
2023-04-10 08:09:48 INFO  Log:22 - Email Passed
2023-04-10 08:09:49 INFO  Log:22 - Password Passed
2023-04-10 08:09:49 INFO  Log:22 - confirmpassword Passed
2023-04-10 08:09:49 INFO  Log:22 - subscribed Passed
2023-04-10 08:09:53 INFO  Log:22 - continueButton Passed
2023-04-10 08:12:51 INFO  Log:22 - navigated to myAccount
2023-04-10 08:12:52 INFO  Log:22 - navigated to myAccount
2023-04-10 08:12:52 INFO  Log:11 - =====================================register_Page TEST START=========================================
2023-04-10 08:12:52 INFO  Log:22 - First Name Passed
2023-04-10 08:12:52 INFO  Log:22 - Last Name Passed
2023-04-10 08:12:53 INFO  Log:22 - Email Passed
2023-04-10 08:12:53 INFO  Log:22 - Password Passed
2023-04-10 08:12:53 INFO  Log:22 - confirmpassword Passed
2023-04-10 08:12:53 INFO  Log:22 - subscribed Passed
2023-04-10 08:12:56 INFO  Log:22 - continueButton Passed
2023-04-10 08:21:36 INFO  Log:22 - navigated to myAccount
2023-04-10 08:21:38 INFO  Log:22 - navigated to myAccount
2023-04-10 08:21:38 INFO  Log:11 - =====================================register_Page TEST START=========================================
2023-04-10 08:21:38 INFO  Log:22 - First Name Passed
2023-04-10 08:21:38 INFO  Log:22 - Last Name Passed
2023-04-10 08:21:38 INFO  Log:22 - Email Passed
2023-04-10 08:21:38 INFO  Log:22 - Password Passed
2023-04-10 08:21:39 INFO  Log:22 - confirmpassword Passed
2023-04-10 08:21:39 INFO  Log:22 - subscribed Passed
2023-04-10 08:21:42 INFO  Log:22 - continueButton Passed
2023-04-10 08:23:03 INFO  Log:22 - navigated to myAccount
2023-04-10 08:23:05 INFO  Log:22 - navigated to myAccount
2023-04-10 08:23:05 INFO  Log:11 - =====================================register_Page TEST START=========================================
2023-04-10 08:23:05 INFO  Log:22 - First Name Passed
2023-04-10 08:23:05 INFO  Log:22 - Last Name Passed
2023-04-10 08:23:05 INFO  Log:22 - Email Passed
2023-04-10 08:23:05 INFO  Log:22 - Password Passed
2023-04-10 08:23:05 INFO  Log:22 - confirmpassword Passed
2023-04-10 08:23:05 INFO  Log:22 - subscribed Passed
2023-04-10 08:23:09 INFO  Log:22 - continueButton Passed
2023-04-10 08:36:28 INFO  Log:22 - navigated to myAccount
2023-04-10 08:36:30 INFO  Log:22 - navigated to myAccount
2023-04-10 08:36:30 INFO  Log:22 - continueButton Passed
